#
# There is insufficient memory for the Java Runtime Environment to continue.
# Native memory allocation (mmap) failed to map 134217728 bytes for G1 virtual space
# Possible reasons:
#   The system is out of physical RAM or swap space
#   The process is running with CompressedOops enabled, and the Java Heap may be blocking the growth of the native heap
# Possible solutions:
#   Reduce memory load on the system
#   Increase physical memory or swap space
#   Check if swap backing store is full
#   Decrease Java heap size (-Xmx/-Xms)
#   Decrease number of Java threads
#   Decrease Java thread stack sizes (-Xss)
#   Set larger code cache with -XX:ReservedCodeCacheSize=
#   JVM is running with Unscaled Compressed Oops mode in which the Java heap is
#     placed in the first 4GB address space. The Java Heap base address is the
#     maximum limit for the native heap growth. Please use -XX:HeapBaseMinAddress
#     to set the Java Heap base and to place the Java Heap above 4GB virtual address.
# This output file may be truncated or incomplete.
#
#  Out of Memory Error (os_windows.cpp:3548), pid=20376, tid=18564
#
# JRE version:  (17.0.5+8) (build )
# Java VM: OpenJDK 64-Bit Server VM (17.0.5+8, mixed mode, sharing, tiered, compressed oops, compressed class ptrs, g1 gc, windows-amd64)
# No core dump will be written. Minidumps are not enabled by default on client versions of Windows
#

---------------  S U M M A R Y ------------

Command Line: -javaagent:C:\Users\Daniel ferreira\eclipse\java-2022-12\eclipse\configuration\org.eclipse.osgi\399\0\.cp\jacocoagent.jar=includes=*,excludes=,exclclassloader=sun.reflect.DelegatingClassLoader,output=tcpclient,port=49197 -Dfile.encoding=UTF-8 -XX:+ShowCodeDetailsInExceptionMessages view.CadastroPrograma

Host: Intel(R) Core(TM) i5-3470 CPU @ 3.20GHz, 4 cores, 7G,  Windows 10 , 64 bit Build 19041 (10.0.19041.2364)
Time: Thu Jan 26 23:08:27 2023 Hora oficial do Brasil elapsed time: 0.046096 seconds (0d 0h 0m 0s)

---------------  T H R E A D  ---------------

Current thread (0x00000166088fb1b0):  JavaThread "Unknown thread" [_thread_in_vm, id=18564, stack(0x00000022a3c00000,0x00000022a3d00000)]

Stack: [0x00000022a3c00000,0x00000022a3d00000]
Native frames: (J=compiled Java code, j=interpreted, Vv=VM code, C=native code)
V  [jvm.dll+0x676b3a]
V  [jvm.dll+0x831444]
V  [jvm.dll+0x832bee]
V  [jvm.dll+0x833253]
V  [jvm.dll+0x244ce5]
V  [jvm.dll+0x673a49]
V  [jvm.dll+0x66811a]
V  [jvm.dll+0x303ceb]
V  [jvm.dll+0x30b1e6]
V  [jvm.dll+0x35adbe]
V  [jvm.dll+0x35afef]
V  [jvm.dll+0x2dab88]
V  [jvm.dll+0x2dbaf4]
V  [jvm.dll+0x803121]
V  [jvm.dll+0x368bb1]
V  [jvm.dll+0x7e265c]
V  [jvm.dll+0x3eb17f]
V  [jvm.dll+0x3eccc1]
C  [jli.dll+0x5267]
C  [ucrtbase.dll+0x21bb2]
C  [KERNEL32.DLL+0x17614]
C  [ntdll.dll+0x526a1]


---------------  P R O C E S S  ---------------

Threads class SMR info:
_java_thread_list=0x00007ffdb1482f18, length=0, elements={
}

Java Threads: ( => current thread )

Other Threads:
  0x0000016608954bf0 GCTaskThread "GC Thread#0" [stack: 0x00000022a3d00000,0x00000022a3e00000] [id=19640]
  0x00000166089657f0 ConcurrentGCThread "G1 Main Marker" [stack: 0x00000022a3e00000,0x00000022a3f00000] [id=19744]
  0x0000016608966200 ConcurrentGCThread "G1 Conc#0" [stack: 0x00000022a3f00000,0x00000022a4000000] [id=19628]

[error occurred during error reporting (printing all threads), id 0xc0000005, EXCEPTION_ACCESS_VIOLATION (0xc0000005) at pc=0x00007ffdb0c5b617]

VM state: not at safepoint (not fully initialized)

VM Mutex/Monitor currently owned by a thread:  ([mutex/lock_event])
[0x00000166088f6680] Heap_lock - owner thread: 0x00000166088fb1b0

Heap address: 0x0000000081a00000, size: 2022 MB, Compressed Oops mode: 32-bit

CDS archive(s) mapped at: [0x0000000000000000-0x0000000000000000-0x0000000000000000), size 0, SharedBaseAddress: 0x0000000800000000, ArchiveRelocationMode: 0.
Narrow klass base: 0x0000000000000000, Narrow klass shift: 0, Narrow klass range: 0x0

GC Precious Log:
<Empty>

Heap:
 garbage-first heap   total 0K, used 0K [0x0000000081a00000, 0x0000000100000000)
  region size 1024K, 0 young (0K), 0 survivors (0K)

[error occurred during error reporting (printing heap information), id 0xc0000005, EXCEPTION_ACCESS_VIOLATION (0xc0000005) at pc=0x00007ffdb103fcb9]

GC Heap History (0 events):
No events

Dll operation events (1 events):
Event: 0.038 Loaded shared library C:\Users\Daniel ferreira\.p2\pool\plugins\org.eclipse.justj.openjdk.hotspot.jre.full.win32.x86_64_17.0.5.v20221102-0933\jre\bin\java.dll

Deoptimization events (0 events):
No events

Classes unloaded (0 events):
No events

Classes redefined (0 events):
No events

Internal exceptions (0 events):
No events

VM Operations (0 events):
No events

Events (0 events):
No events


Dynamic libraries:
0x00007ff69dba0000 - 0x00007ff69dbae000 	C:\Users\Daniel ferreira\.p2\pool\plugins\org.eclipse.justj.openjdk.hotspot.jre.full.win32.x86_64_17.0.5.v20221102-0933\jre\bin\javaw.exe
0x00007ffde6550000 - 0x00007ffde6748000 	C:\Windows\SYSTEM32\ntdll.dll
0x00007ffde55a0000 - 0x00007ffde565f000 	C:\Windows\System32\KERNEL32.DLL
0x00007ffde4080000 - 0x00007ffde4352000 	C:\Windows\System32\KERNELBASE.dll
0x00007ffde3f80000 - 0x00007ffde4080000 	C:\Windows\System32\ucrtbase.dll
0x00007ffddf810000 - 0x00007ffddf827000 	C:\Users\Daniel ferreira\.p2\pool\plugins\org.eclipse.justj.openjdk.hotspot.jre.full.win32.x86_64_17.0.5.v20221102-0933\jre\bin\jli.dll
0x00007ffde53b0000 - 0x00007ffde5551000 	C:\Windows\System32\USER32.dll
0x00007ffde4560000 - 0x00007ffde4582000 	C:\Windows\System32\win32u.dll
0x00007ffde6140000 - 0x00007ffde616b000 	C:\Windows\System32\GDI32.dll
0x00007ffde3e70000 - 0x00007ffde3f7f000 	C:\Windows\System32\gdi32full.dll
0x00007ffde3dd0000 - 0x00007ffde3e6d000 	C:\Windows\System32\msvcp_win.dll
0x00007ffddf7f0000 - 0x00007ffddf809000 	C:\Users\Daniel ferreira\.p2\pool\plugins\org.eclipse.justj.openjdk.hotspot.jre.full.win32.x86_64_17.0.5.v20221102-0933\jre\bin\VCRUNTIME140.dll
0x00007ffdd1e10000 - 0x00007ffdd20aa000 	C:\Windows\WinSxS\amd64_microsoft.windows.common-controls_6595b64144ccf1df_6.0.19041.1110_none_60b5254171f9507e\COMCTL32.dll
0x00007ffde6340000 - 0x00007ffde63de000 	C:\Windows\System32\msvcrt.dll
0x00007ffde5560000 - 0x00007ffde5592000 	C:\Windows\System32\IMM32.DLL
0x00007ffddf8f0000 - 0x00007ffddf8fc000 	C:\Users\Daniel ferreira\.p2\pool\plugins\org.eclipse.justj.openjdk.hotspot.jre.full.win32.x86_64_17.0.5.v20221102-0933\jre\bin\vcruntime140_1.dll
0x00007ffdc80b0000 - 0x00007ffdc8141000 	C:\Users\Daniel ferreira\.p2\pool\plugins\org.eclipse.justj.openjdk.hotspot.jre.full.win32.x86_64_17.0.5.v20221102-0933\jre\bin\msvcp140.dll
0x00007ffdb0970000 - 0x00007ffdb15b4000 	C:\Users\Daniel ferreira\.p2\pool\plugins\org.eclipse.justj.openjdk.hotspot.jre.full.win32.x86_64_17.0.5.v20221102-0933\jre\bin\server\jvm.dll
0x00007ffde6080000 - 0x00007ffde612e000 	C:\Windows\System32\ADVAPI32.dll
0x00007ffde49d0000 - 0x00007ffde4a6c000 	C:\Windows\System32\sechost.dll
0x00007ffde63e0000 - 0x00007ffde6505000 	C:\Windows\System32\RPCRT4.dll
0x00007ffde1460000 - 0x00007ffde1469000 	C:\Windows\SYSTEM32\WSOCK32.dll
0x00007ffde5200000 - 0x00007ffde526b000 	C:\Windows\System32\WS2_32.dll
0x00007ffdcd8c0000 - 0x00007ffdcd8e7000 	C:\Windows\SYSTEM32\WINMM.dll
0x00007ffdd84b0000 - 0x00007ffdd84ba000 	C:\Windows\SYSTEM32\VERSION.dll
0x00007ffde1a40000 - 0x00007ffde1a52000 	C:\Windows\SYSTEM32\kernel.appcore.dll
0x00007ffddf7b0000 - 0x00007ffddf7ba000 	C:\Users\Daniel ferreira\.p2\pool\plugins\org.eclipse.justj.openjdk.hotspot.jre.full.win32.x86_64_17.0.5.v20221102-0933\jre\bin\jimage.dll
0x00007ffdd5680000 - 0x00007ffdd5864000 	C:\Windows\SYSTEM32\DBGHELP.DLL
0x00007ffdd5340000 - 0x00007ffdd5375000 	C:\Windows\SYSTEM32\dbgcore.DLL
0x00007ffde3d40000 - 0x00007ffde3dc2000 	C:\Windows\System32\bcryptPrimitives.dll
0x00007ffddf7e0000 - 0x00007ffddf7ee000 	C:\Users\Daniel ferreira\.p2\pool\plugins\org.eclipse.justj.openjdk.hotspot.jre.full.win32.x86_64_17.0.5.v20221102-0933\jre\bin\instrument.dll
0x00007ffddeef0000 - 0x00007ffddef15000 	C:\Users\Daniel ferreira\.p2\pool\plugins\org.eclipse.justj.openjdk.hotspot.jre.full.win32.x86_64_17.0.5.v20221102-0933\jre\bin\java.dll

dbghelp: loaded successfully - version: 4.0.5 - missing functions: none
symbol engine: initialized successfully - sym options: 0x614 - pdb path: .;C:\Users\Daniel ferreira\.p2\pool\plugins\org.eclipse.justj.openjdk.hotspot.jre.full.win32.x86_64_17.0.5.v20221102-0933\jre\bin;C:\Windows\SYSTEM32;C:\Windows\WinSxS\amd64_microsoft.windows.common-controls_6595b64144ccf1df_6.0.19041.1110_none_60b5254171f9507e;C:\Users\Daniel ferreira\.p2\pool\plugins\org.eclipse.justj.openjdk.hotspot.jre.full.win32.x86_64_17.0.5.v20221102-0933\jre\bin\server

VM Arguments:
jvm_args: -javaagent:C:\Users\Daniel ferreira\eclipse\java-2022-12\eclipse\configuration\org.eclipse.osgi\399\0\.cp\jacocoagent.jar=includes=*,excludes=,exclclassloader=sun.reflect.DelegatingClassLoader,output=tcpclient,port=49197 -Dfile.encoding=UTF-8 -XX:+ShowCodeDetailsInExceptionMessages 
java_command: view.CadastroPrograma
java_class_path (initial): C:\Users\Daniel ferreira\eclipse-workspace\text\bin
Launcher Type: SUN_STANDARD

[Global flags]
     intx CICompilerCount                          = 3                                         {product} {ergonomic}
     uint ConcGCThreads                            = 1                                         {product} {ergonomic}
     uint G1ConcRefinementThreads                  = 4                                         {product} {ergonomic}
   size_t G1HeapRegionSize                         = 1048576                                   {product} {ergonomic}
    uintx GCDrainStackTargetSize                   = 64                                        {product} {ergonomic}
   size_t InitialHeapSize                          = 134217728                                 {product} {ergonomic}
   size_t MarkStackSize                            = 4194304                                   {product} {ergonomic}
   size_t MaxHeapSize                              = 2120220672                                {product} {ergonomic}
   size_t MinHeapDeltaBytes                        = 1048576                                   {product} {ergonomic}
   size_t MinHeapSize                              = 8388608                                   {product} {ergonomic}
    uintx NonNMethodCodeHeapSize                   = 5832780                                {pd product} {ergonomic}
    uintx NonProfiledCodeHeapSize                  = 122912730                              {pd product} {ergonomic}
    uintx ProfiledCodeHeapSize                     = 122912730                              {pd product} {ergonomic}
    uintx ReservedCodeCacheSize                    = 251658240                              {pd product} {ergonomic}
     bool SegmentedCodeCache                       = true                                      {product} {ergonomic}
     bool ShowCodeDetailsInExceptionMessages       = true                                   {manageable} {command line}
   size_t SoftMaxHeapSize                          = 2120220672                             {manageable} {ergonomic}
     bool UseCompressedClassPointers               = true                           {product lp64_product} {ergonomic}
     bool UseCompressedOops                        = true                           {product lp64_product} {ergonomic}
     bool UseG1GC                                  = true                                      {product} {ergonomic}
     bool UseLargePagesIndividualAllocation        = false                                  {pd product} {ergonomic}

Logging:
Log output configuration:
 #0: stdout all=warning uptime,level,tags
 #1: stderr all=off uptime,level,tags

Environment Variables:
PATH=C:/Users/Daniel ferreira/.p2/pool/plugins/org.eclipse.justj.openjdk.hotspot.jre.full.win32.x86_64_17.0.5.v20221102-0933/jre/bin/server;C:/Users/Daniel ferreira/.p2/pool/plugins/org.eclipse.justj.openjdk.hotspot.jre.full.win32.x86_64_17.0.5.v20221102-0933/jre/bin;C:\Windows\system32;C:\Windows;C:\Windows\System32\Wbem;C:\Windows\System32\WindowsPowerShell\v1.0\;C:\Windows\System32\OpenSSH\;C:\Program Files\Git\cmd;C:\Users\Daniel ferreira\AppData\Local\Microsoft\WindowsApps;;C:\Users\Daniel ferreira\Desktop;
USERNAME=Daniel ferreira
OS=Windows_NT
PROCESSOR_IDENTIFIER=Intel64 Family 6 Model 58 Stepping 9, GenuineIntel
TMP=C:\Users\DANIEL~1\AppData\Local\Temp
TEMP=C:\Users\DANIEL~1\AppData\Local\Temp



---------------  S Y S T E M  ---------------

OS:
 Windows 10 , 64 bit Build 19041 (10.0.19041.2364)
OS uptime: 0 days 1:53 hours

CPU: total 4 (initial active 4) (4 cores per cpu, 1 threads per core) family 6 model 58 stepping 9 microcode 0x21, cx8, cmov, fxsr, mmx, sse, sse2, sse3, ssse3, sse4.1, sse4.2, popcnt, tsc, tscinvbit, avx, aes, erms, clmul, vzeroupper, clflush

Memory: 4k page, system-wide physical 8087M (1439M free)
TotalPageFile size 22317M (AvailPageFile size 36M)
current process WorkingSet (physical memory assigned to process): 10M, peak: 10M
current process commit charge ("private bytes"): 51M, peak: 179M

vm_info: OpenJDK 64-Bit Server VM (17.0.5+8) for windows-amd64 JRE (17.0.5+8), built on Oct 19 2022 04:48:13 by "temurin" with MS VC++ 16.7 (VS2019)

END.
